[debug] [2019-01-10T23:46:59.057Z] ----------------------------------------------------------------------
[debug] [2019-01-10T23:46:59.061Z] Command:       C:\Program Files\nodejs\node.exe C:\Users\Nii Lantei\AppData\Roaming\npm\node_modules\firebase-tools\lib\bin\firebase.js init
[debug] [2019-01-10T23:46:59.062Z] CLI Version:   6.2.2
[debug] [2019-01-10T23:46:59.062Z] Platform:      win32
[debug] [2019-01-10T23:46:59.062Z] Node Version:  v10.14.2
[debug] [2019-01-10T23:46:59.065Z] Time:          Thu Jan 10 2019 23:46:59 GMT+0000 (Greenwich Mean Time)
[debug] [2019-01-10T23:46:59.065Z] ----------------------------------------------------------------------
[debug] 
[debug] [2019-01-10T23:46:59.088Z] > command requires scopes: ["email","openid","https://www.googleapis.com/auth/cloudplatformprojects.readonly","https://www.googleapis.com/auth/firebase","https://www.googleapis.com/auth/cloud-platform"]
[debug] [2019-01-10T23:46:59.089Z] > authorizing via signed-in user
[info] 
     ######## #### ########  ######## ########     ###     ######  ########
     ##        ##  ##     ## ##       ##     ##  ##   ##  ##       ##
     ######    ##  ########  ######   ########  #########  ######  ######
     ##        ##  ##    ##  ##       ##     ## ##     ##       ## ##
     ##       #### ##     ## ######## ########  ##     ##  ######  ########

You're about to initialize a Firebase project in this directory:

  D:\Angular-Projects\Logistics

Before we get started, keep in mind:

  * You are initializing in an existing Firebase project directory

